<?xml version="1.0" encoding="UTF-8"?>
<!-- Generated by org.testng.reporters.JUnitXMLReporter -->
<testsuite ignored="1" hostname="DESKTOP-9TR8FUE" failures="0" tests="1" name="Default test" time="5.819" errors="0" timestamp="2025-07-01T22:24:47 IST">
  <testcase classname="com.ecart.tests.CheckoutTest" name="validateCalculation" time="0.817"/>
  <testcase classname="com.ecart.tests.CheckoutTest" name="removeProductsFromCart" time="0.0">
    <ignored/>
  </testcase> <!-- removeProductsFromCart -->
</testsuite> <!-- Default test -->
